<?xml version="1.0" encoding="UTF-8"?>
<!-- Generated by org.testng.reporters.JUnitXMLReporter -->
<testsuite ignored="0" hostname="User-PC" failures="0" tests="4" name="Default test" time="230.549" errors="0" timestamp="2024-07-13T16:25:48 IST">
  <testcase classname="batchExecutionClasses.R15" name="r15" time="100.755"/>
  <testcase classname="batchExecutionClasses.Jawa" name="executeScript2" time="0.008"/>
  <testcase classname="batchExecutionClasses.Jawa" name="executeScript1" time="0.004"/>
  <testcase classname="batchExecutionClasses.Hayabusa" name="hayabusa" time="129.702"/>
</testsuite> <!-- Default test -->
