<?xml version="1.0" encoding="UTF-8"?>
<!-- Generated by org.testng.reporters.JUnitXMLReporter -->
<testsuite ignored="0" hostname="User-PC" failures="0" tests="5" name="Test1" time="136.516" errors="0" timestamp="2024-07-15T15:39:01 IST">
  <testcase classname="batchExecutionClasses.Jawa" name="executeScript2" time="0.016"/>
  <testcase classname="batchExecutionClasses.Jawa" name="executeScript1" time="0.003"/>
  <testcase classname="batchExecutionClasses.Hayabusa" name="harleyDavidson" time="64.757"/>
  <testcase classname="batchExecutionClasses.Hayabusa" name="hayabusa" time="37.999"/>
  <testcase classname="batchExecutionClasses.R15" name="r15" time="33.657"/>
</testsuite> <!-- Test1 -->
