<?xml version="1.0" encoding="UTF-8"?>
<!-- Generated by org.testng.reporters.JUnitXMLReporter -->
<testsuite ignored="0" hostname="User-PC" failures="0" tests="3" name="Test2" time="108.304" errors="0" timestamp="2024-07-15T15:38:33 IST">
  <testcase classname="batchExecutionClasses.Flipkart" name="flipkart" time="33.318"/>
  <testcase classname="batchExecutionClasses.Meesho" name="meesho" time="36.569"/>
  <testcase classname="batchExecutionClasses.Amazon" name="amazon" time="38.348"/>
</testsuite> <!-- Test2 -->
