<?xml version="1.0" encoding="UTF-8"?>
<!-- Generated by org.testng.reporters.JUnitXMLReporter -->
<testsuite ignored="0" hostname="User-PC" failures="0" tests="4" name="Test" time="185.974" errors="0" timestamp="2024-07-13T16:25:57 IST">
  <testcase classname="batchExecutionClasses.R15" name="r15" time="121.484"/>
  <testcase classname="batchExecutionClasses.Jawa" name="executeScript2" time="0.005"/>
  <testcase classname="batchExecutionClasses.Jawa" name="executeScript1" time="0.003"/>
  <testcase classname="batchExecutionClasses.Hayabusa" name="hayabusa" time="64.392"/>
</testsuite> <!-- Test -->
