<?xml version="1.0" encoding="UTF-8"?>
<testng-results ignored="0" total="4" passed="4" failed="0" skipped="0">
  <reporter-output>
    <line>
      <![CDATA[Executing TestCase 2]]>
    </line>
    <line>
      <![CDATA[Executing TestCase 1]]>
    </line>
  </reporter-output>
  <suite started-at="2024-07-15T11:33:18 IST" name="Suite" finished-at="2024-07-15T11:34:02 IST" duration-ms="43391">
    <groups>
    </groups>
    <test started-at="2024-07-15T11:33:18 IST" name="Test" finished-at="2024-07-15T11:34:02 IST" duration-ms="43391">
      <class name="batchExecutionClasses.R15">
        <test-method signature="r15()[pri:0, instance:batchExecutionClasses.R15@793be5ca]" started-at="2024-07-15T11:33:18 IST" name="r15" finished-at="2024-07-15T11:33:46 IST" duration-ms="27881" status="PASS">
          <reporter-output>
          </reporter-output>
        </test-method> <!-- r15 -->
      </class> <!-- batchExecutionClasses.R15 -->
      <class name="batchExecutionClasses.Jawa">
        <test-method signature="executeScript2()[pri:-5, instance:batchExecutionClasses.Jawa@63a12c68]" started-at="2024-07-15T11:33:46 IST" name="executeScript2" finished-at="2024-07-15T11:33:46 IST" duration-ms="7" status="PASS">
          <reporter-output>
            <line>
              <![CDATA[Executing TestCase 2]]>
            </line>
          </reporter-output>
        </test-method> <!-- executeScript2 -->
        <test-method signature="executeScript1()[pri:0, instance:batchExecutionClasses.Jawa@63a12c68]" started-at="2024-07-15T11:33:46 IST" name="executeScript1" finished-at="2024-07-15T11:33:46 IST" duration-ms="5" status="PASS">
          <reporter-output>
            <line>
              <![CDATA[Executing TestCase 1]]>
            </line>
          </reporter-output>
        </test-method> <!-- executeScript1 -->
      </class> <!-- batchExecutionClasses.Jawa -->
      <class name="batchExecutionClasses.Hayabusa">
        <test-method signature="hayabusa()[pri:0, instance:batchExecutionClasses.Hayabusa@28f3b248]" started-at="2024-07-15T11:33:46 IST" name="hayabusa" finished-at="2024-07-15T11:34:02 IST" duration-ms="15399" status="PASS">
          <reporter-output>
          </reporter-output>
        </test-method> <!-- hayabusa -->
      </class> <!-- batchExecutionClasses.Hayabusa -->
    </test> <!-- Test -->
  </suite> <!-- Suite -->
</testng-results>
